ISim log file
Running: /home/ise/Xilinx/riscVmonociclo/Top_tb_isim_beh.exe -intstyle ise -gui -tclbatch isim.cmd -wdb /home/ise/Xilinx/riscVmonociclo/Top_tb_isim_beh.wdb 
ISim P.20131013 (signature 0xfbc00daa)
----------------------------------------------------------------------
WARNING:Security:42 - Your software subscription period has lapsed. Your current version of Xilinx tools will continue to function, but you no longer qualify for Xilinx software updates or new releases.


----------------------------------------------------------------------
This is a Full version of ISim.
Time resolution is 1 ps
# onerror resume
# wave add /
# run 800 ns
Simulator is doing circuit initialization process.
at 0 ps, Instance /top_tb/uut/inst_ComparadorPC/ : Warning: NUMERIC_STD."<": metavalue detected, returning FALSE
at 0 ps, Instance /top_tb/uut/inst_IMem/ : Warning: NUMERIC_STD.TO_INTEGER: metavalue detected, returning 0
at 0 ps, Instance /top_tb/uut/inst_RegFile/ : Warning: There is an 'U'|'X'|'W'|'Z'|'-' in an arithmetic operand, the result will be 'X'(es).
at 0 ps, Instance /top_tb/uut/inst_RegFile/ : Warning: CONV_INTEGER: There is an 'U'|'X'|'W'|'Z'|'-' in an arithmetic operand, and it has been converted to 0.
at 0 ps, Instance /top_tb/uut/inst_RegFile/ : Warning: CONV_INTEGER: There is an 'U'|'X'|'W'|'Z'|'-' in an arithmetic operand, and it has been converted to 0.
at 0 ps, Instance /top_tb/uut/inst_DMem/ : Warning: NUMERIC_STD.TO_INTEGER: metavalue detected, returning 0
Finished circuit initialization process.
at 0 ps, Instance /top_tb/uut/inst_ComparadorPC/ : Warning: NUMERIC_STD."<": metavalue detected, returning FALSE
ERROR: Index 11 out of bound 0 to 10. 
ERROR: In process imem.vhd:64 
 
INFO: Simulator is stopped.
